<?xml version="1.0" encoding="UTF-8"?>
<!-- Generated by org.testng.reporters.JUnitReportReporter -->
<testsuite hostname="Govind" failures="0" tests="1" name="Login_PageTest.loginPageTest" time="32.342" errors="0" timestamp="2023-08-01T00:34:13 IST" skipped="0">
  <testcase classname="Login_PageTest.loginPageTest" name="toLogin" time="32.342"/>
  <system-out/>
</testsuite> <!-- Login_PageTest.loginPageTest -->
